{"C:\\Users\\mariu\\OneDrive\\Desktop\\Node-Express-and-MongoDB---Construirea-API-urilor-RESTful\\video-renting\\index.js": {"path":"C:\\Users\\mariu\\OneDrive\\Desktop\\Node-Express-and-MongoDB---Construirea-API-urilor-RESTful\\video-renting\\index.js","statementMap":{"0":{"start":{"line":1,"column":16},"end":{"line":1,"column":34}},"1":{"start":{"line":2,"column":16},"end":{"line":2,"column":34}},"2":{"start":{"line":3,"column":12},"end":{"line":3,"column":21}},"3":{"start":{"line":5,"column":0},"end":{"line":5,"column":31}},"4":{"start":{"line":6,"column":0},"end":{"line":6,"column":33}},"5":{"start":{"line":7,"column":0},"end":{"line":7,"column":26}},"6":{"start":{"line":8,"column":0},"end":{"line":8,"column":30}},"7":{"start":{"line":9,"column":0},"end":{"line":9,"column":34}},"8":{"start":{"line":11,"column":13},"end":{"line":11,"column":37}},"9":{"start":{"line":12,"column":15},"end":{"line":12,"column":83}},"10":{"start":{"line":12,"column":38},"end":{"line":12,"column":82}},"11":{"start":{"line":14,"column":0},"end":{"line":14,"column":24}}},"fnMap":{"0":{"name":"(anonymous_0)","decl":{"start":{"line":12,"column":32},"end":{"line":12,"column":33}},"loc":{"start":{"line":12,"column":38},"end":{"line":12,"column":82}},"line":12}},"branchMap":{"0":{"loc":{"start":{"line":11,"column":13},"end":{"line":11,"column":37}},"type":"binary-expr","locations":[{"start":{"line":11,"column":13},"end":{"line":11,"column":29}},{"start":{"line":11,"column":33},"end":{"line":11,"column":37}}],"line":11}},"s":{"0":3,"1":3,"2":3,"3":3,"4":3,"5":3,"6":3,"7":3,"8":3,"9":3,"10":2,"11":3},"f":{"0":2},"b":{"0":[3,3]},"_coverageSchema":"332fd63041d2c1bcb487cc26dd0d5f7d97098a6c","hash":"3559084b68ef07daa9cd8573c2cbf1d4670df2bd"}
,"C:\\Users\\mariu\\OneDrive\\Desktop\\Node-Express-and-MongoDB---Construirea-API-urilor-RESTful\\video-renting\\middleware\\admin.js": {"path":"C:\\Users\\mariu\\OneDrive\\Desktop\\Node-Express-and-MongoDB---Construirea-API-urilor-RESTful\\video-renting\\middleware\\admin.js","statementMap":{"0":{"start":{"line":2,"column":0},"end":{"line":9,"column":1}},"1":{"start":{"line":6,"column":2},"end":{"line":6,"column":71}},"2":{"start":{"line":6,"column":25},"end":{"line":6,"column":71}},"3":{"start":{"line":8,"column":2},"end":{"line":8,"column":9}}},"fnMap":{"0":{"name":"(anonymous_0)","decl":{"start":{"line":2,"column":17},"end":{"line":2,"column":18}},"loc":{"start":{"line":2,"column":43},"end":{"line":9,"column":1}},"line":2}},"branchMap":{"0":{"loc":{"start":{"line":6,"column":2},"end":{"line":6,"column":71}},"type":"if","locations":[{"start":{"line":6,"column":2},"end":{"line":6,"column":71}},{"start":{"line":6,"column":2},"end":{"line":6,"column":71}}],"line":6}},"s":{"0":3,"1":5,"2":1,"3":4},"f":{"0":5},"b":{"0":[1,4]},"_coverageSchema":"332fd63041d2c1bcb487cc26dd0d5f7d97098a6c","hash":"288d7e0333fee69270c3d7f6fc74753289ed65a2"}
,"C:\\Users\\mariu\\OneDrive\\Desktop\\Node-Express-and-MongoDB---Construirea-API-urilor-RESTful\\video-renting\\middleware\\auth.js": {"path":"C:\\Users\\mariu\\OneDrive\\Desktop\\Node-Express-and-MongoDB---Construirea-API-urilor-RESTful\\video-renting\\middleware\\auth.js","statementMap":{"0":{"start":{"line":1,"column":12},"end":{"line":1,"column":35}},"1":{"start":{"line":2,"column":15},"end":{"line":2,"column":32}},"2":{"start":{"line":4,"column":0},"end":{"line":16,"column":1}},"3":{"start":{"line":5,"column":16},"end":{"line":5,"column":42}},"4":{"start":{"line":6,"column":2},"end":{"line":6,"column":79}},"5":{"start":{"line":6,"column":14},"end":{"line":6,"column":79}},"6":{"start":{"line":8,"column":2},"end":{"line":15,"column":3}},"7":{"start":{"line":9,"column":20},"end":{"line":9,"column":66}},"8":{"start":{"line":10,"column":4},"end":{"line":10,"column":23}},"9":{"start":{"line":11,"column":4},"end":{"line":11,"column":11}},"10":{"start":{"line":14,"column":4},"end":{"line":14,"column":43}}},"fnMap":{"0":{"name":"(anonymous_0)","decl":{"start":{"line":4,"column":17},"end":{"line":4,"column":18}},"loc":{"start":{"line":4,"column":43},"end":{"line":16,"column":1}},"line":4}},"branchMap":{"0":{"loc":{"start":{"line":6,"column":2},"end":{"line":6,"column":79}},"type":"if","locations":[{"start":{"line":6,"column":2},"end":{"line":6,"column":79}},{"start":{"line":6,"column":2},"end":{"line":6,"column":79}}],"line":6}},"s":{"0":4,"1":4,"2":4,"3":15,"4":15,"5":3,"6":12,"7":12,"8":11,"9":11,"10":1},"f":{"0":15},"b":{"0":[3,12]},"_coverageSchema":"332fd63041d2c1bcb487cc26dd0d5f7d97098a6c","hash":"36045a92feb8239ee6ab88724c0490de2cdc41bb"}
,"C:\\Users\\mariu\\OneDrive\\Desktop\\Node-Express-and-MongoDB---Construirea-API-urilor-RESTful\\video-renting\\middleware\\error.js": {"path":"C:\\Users\\mariu\\OneDrive\\Desktop\\Node-Express-and-MongoDB---Construirea-API-urilor-RESTful\\video-renting\\middleware\\error.js","statementMap":{"0":{"start":{"line":1,"column":16},"end":{"line":1,"column":34}},"1":{"start":{"line":3,"column":0},"end":{"line":14,"column":1}},"2":{"start":{"line":4,"column":2},"end":{"line":4,"column":34}},"3":{"start":{"line":13,"column":2},"end":{"line":13,"column":44}}},"fnMap":{"0":{"name":"(anonymous_0)","decl":{"start":{"line":3,"column":17},"end":{"line":3,"column":18}},"loc":{"start":{"line":3,"column":46},"end":{"line":14,"column":1}},"line":3}},"branchMap":{},"s":{"0":3,"1":3,"2":2,"3":2},"f":{"0":2},"b":{},"_coverageSchema":"332fd63041d2c1bcb487cc26dd0d5f7d97098a6c","hash":"4958ba377a916245ce51c19cf93a0f423af568a2"}
,"C:\\Users\\mariu\\OneDrive\\Desktop\\Node-Express-and-MongoDB---Construirea-API-urilor-RESTful\\video-renting\\middleware\\validateObjectId.js": {"path":"C:\\Users\\mariu\\OneDrive\\Desktop\\Node-Express-and-MongoDB---Construirea-API-urilor-RESTful\\video-renting\\middleware\\validateObjectId.js","statementMap":{"0":{"start":{"line":2,"column":17},"end":{"line":2,"column":36}},"1":{"start":{"line":6,"column":0},"end":{"line":14,"column":1}},"2":{"start":{"line":9,"column":4},"end":{"line":10,"column":51}},"3":{"start":{"line":10,"column":8},"end":{"line":10,"column":51}},"4":{"start":{"line":13,"column":4},"end":{"line":13,"column":11}}},"fnMap":{"0":{"name":"(anonymous_0)","decl":{"start":{"line":6,"column":17},"end":{"line":6,"column":18}},"loc":{"start":{"line":6,"column":42},"end":{"line":14,"column":1}},"line":6}},"branchMap":{"0":{"loc":{"start":{"line":9,"column":4},"end":{"line":10,"column":51}},"type":"if","locations":[{"start":{"line":9,"column":4},"end":{"line":10,"column":51}},{"start":{"line":9,"column":4},"end":{"line":10,"column":51}}],"line":9}},"s":{"0":3,"1":3,"2":2,"3":0,"4":2},"f":{"0":2},"b":{"0":[0,2]},"_coverageSchema":"332fd63041d2c1bcb487cc26dd0d5f7d97098a6c","hash":"331501d328311f5ab9d448f7eb165e973f4c6b39"}
,"C:\\Users\\mariu\\OneDrive\\Desktop\\Node-Express-and-MongoDB---Construirea-API-urilor-RESTful\\video-renting\\models\\customer.js": {"path":"C:\\Users\\mariu\\OneDrive\\Desktop\\Node-Express-and-MongoDB---Construirea-API-urilor-RESTful\\video-renting\\models\\customer.js","statementMap":{"0":{"start":{"line":1,"column":12},"end":{"line":1,"column":26}},"1":{"start":{"line":2,"column":17},"end":{"line":2,"column":36}},"2":{"start":{"line":4,"column":17},"end":{"line":21,"column":3}},"3":{"start":{"line":24,"column":17},"end":{"line":28,"column":3}},"4":{"start":{"line":30,"column":2},"end":{"line":30,"column":40}},"5":{"start":{"line":33,"column":0},"end":{"line":33,"column":28}},"6":{"start":{"line":34,"column":0},"end":{"line":34,"column":36}}},"fnMap":{"0":{"name":"validateCustomer","decl":{"start":{"line":23,"column":9},"end":{"line":23,"column":25}},"loc":{"start":{"line":23,"column":36},"end":{"line":31,"column":1}},"line":23}},"branchMap":{},"s":{"0":3,"1":3,"2":3,"3":0,"4":0,"5":3,"6":3},"f":{"0":0},"b":{},"_coverageSchema":"332fd63041d2c1bcb487cc26dd0d5f7d97098a6c","hash":"4a30e1f419673689af8bd742b3ccbb695b841644"}
,"C:\\Users\\mariu\\OneDrive\\Desktop\\Node-Express-and-MongoDB---Construirea-API-urilor-RESTful\\video-renting\\models\\genre.js": {"path":"C:\\Users\\mariu\\OneDrive\\Desktop\\Node-Express-and-MongoDB---Construirea-API-urilor-RESTful\\video-renting\\models\\genre.js","statementMap":{"0":{"start":{"line":1,"column":12},"end":{"line":1,"column":26}},"1":{"start":{"line":2,"column":17},"end":{"line":2,"column":36}},"2":{"start":{"line":4,"column":20},"end":{"line":11,"column":2}},"3":{"start":{"line":13,"column":14},"end":{"line":13,"column":50}},"4":{"start":{"line":16,"column":19},"end":{"line":18,"column":5}},"5":{"start":{"line":20,"column":4},"end":{"line":20,"column":39}},"6":{"start":{"line":23,"column":0},"end":{"line":23,"column":34}},"7":{"start":{"line":24,"column":0},"end":{"line":24,"column":22}},"8":{"start":{"line":25,"column":0},"end":{"line":25,"column":33}}},"fnMap":{"0":{"name":"validateGenre","decl":{"start":{"line":15,"column":9},"end":{"line":15,"column":22}},"loc":{"start":{"line":15,"column":30},"end":{"line":21,"column":1}},"line":15}},"branchMap":{},"s":{"0":3,"1":3,"2":3,"3":3,"4":12,"5":12,"6":3,"7":3,"8":3},"f":{"0":12},"b":{},"_coverageSchema":"332fd63041d2c1bcb487cc26dd0d5f7d97098a6c","hash":"0caed2acf7f8bd827b558af5777575d741ff56e6"}
,"C:\\Users\\mariu\\OneDrive\\Desktop\\Node-Express-and-MongoDB---Construirea-API-urilor-RESTful\\video-renting\\models\\movie.js": {"path":"C:\\Users\\mariu\\OneDrive\\Desktop\\Node-Express-and-MongoDB---Construirea-API-urilor-RESTful\\video-renting\\models\\movie.js","statementMap":{"0":{"start":{"line":1,"column":12},"end":{"line":1,"column":26}},"1":{"start":{"line":2,"column":17},"end":{"line":2,"column":36}},"2":{"start":{"line":3,"column":22},"end":{"line":3,"column":40}},"3":{"start":{"line":5,"column":14},"end":{"line":29,"column":3}},"4":{"start":{"line":32,"column":17},"end":{"line":37,"column":3}},"5":{"start":{"line":39,"column":2},"end":{"line":39,"column":37}},"6":{"start":{"line":42,"column":0},"end":{"line":42,"column":22}},"7":{"start":{"line":43,"column":0},"end":{"line":43,"column":33}}},"fnMap":{"0":{"name":"validateMovie","decl":{"start":{"line":31,"column":9},"end":{"line":31,"column":22}},"loc":{"start":{"line":31,"column":30},"end":{"line":40,"column":1}},"line":31}},"branchMap":{},"s":{"0":3,"1":3,"2":3,"3":3,"4":0,"5":0,"6":3,"7":3},"f":{"0":0},"b":{},"_coverageSchema":"332fd63041d2c1bcb487cc26dd0d5f7d97098a6c","hash":"fb2f547da692ec04d7faadc5f3634919ebf92bf0"}
,"C:\\Users\\mariu\\OneDrive\\Desktop\\Node-Express-and-MongoDB---Construirea-API-urilor-RESTful\\video-renting\\models\\rental.js": {"path":"C:\\Users\\mariu\\OneDrive\\Desktop\\Node-Express-and-MongoDB---Construirea-API-urilor-RESTful\\video-renting\\models\\rental.js","statementMap":{"0":{"start":{"line":1,"column":12},"end":{"line":1,"column":26}},"1":{"start":{"line":2,"column":17},"end":{"line":2,"column":36}},"2":{"start":{"line":4,"column":15},"end":{"line":56,"column":3}},"3":{"start":{"line":59,"column":17},"end":{"line":62,"column":3}},"4":{"start":{"line":64,"column":2},"end":{"line":64,"column":38}},"5":{"start":{"line":67,"column":0},"end":{"line":67,"column":24}},"6":{"start":{"line":68,"column":0},"end":{"line":68,"column":34}}},"fnMap":{"0":{"name":"validateRental","decl":{"start":{"line":58,"column":9},"end":{"line":58,"column":23}},"loc":{"start":{"line":58,"column":32},"end":{"line":65,"column":1}},"line":58}},"branchMap":{},"s":{"0":3,"1":3,"2":3,"3":0,"4":0,"5":3,"6":3},"f":{"0":0},"b":{},"_coverageSchema":"332fd63041d2c1bcb487cc26dd0d5f7d97098a6c","hash":"a4631797576305ee8e05abbca3bbba57ac8f90a6"}
,"C:\\Users\\mariu\\OneDrive\\Desktop\\Node-Express-and-MongoDB---Construirea-API-urilor-RESTful\\video-renting\\models\\user.js": {"path":"C:\\Users\\mariu\\OneDrive\\Desktop\\Node-Express-and-MongoDB---Construirea-API-urilor-RESTful\\video-renting\\models\\user.js","statementMap":{"0":{"start":{"line":1,"column":15},"end":{"line":1,"column":32}},"1":{"start":{"line":2,"column":12},"end":{"line":2,"column":35}},"2":{"start":{"line":3,"column":12},"end":{"line":3,"column":26}},"3":{"start":{"line":4,"column":17},"end":{"line":4,"column":36}},"4":{"start":{"line":6,"column":19},"end":{"line":27,"column":2}},"5":{"start":{"line":29,"column":0},"end":{"line":32,"column":1}},"6":{"start":{"line":30,"column":16},"end":{"line":30,"column":95}},"7":{"start":{"line":31,"column":2},"end":{"line":31,"column":15}},"8":{"start":{"line":34,"column":13},"end":{"line":34,"column":47}},"9":{"start":{"line":37,"column":17},"end":{"line":41,"column":3}},"10":{"start":{"line":43,"column":2},"end":{"line":43,"column":36}},"11":{"start":{"line":46,"column":0},"end":{"line":46,"column":20}},"12":{"start":{"line":47,"column":0},"end":{"line":47,"column":32}}},"fnMap":{"0":{"name":"(anonymous_0)","decl":{"start":{"line":29,"column":39},"end":{"line":29,"column":40}},"loc":{"start":{"line":29,"column":50},"end":{"line":32,"column":1}},"line":29},"1":{"name":"validateUser","decl":{"start":{"line":36,"column":9},"end":{"line":36,"column":21}},"loc":{"start":{"line":36,"column":28},"end":{"line":44,"column":1}},"line":36}},"branchMap":{},"s":{"0":5,"1":5,"2":5,"3":5,"4":5,"5":5,"6":24,"7":24,"8":5,"9":0,"10":0,"11":5,"12":5},"f":{"0":24,"1":0},"b":{},"_coverageSchema":"332fd63041d2c1bcb487cc26dd0d5f7d97098a6c","hash":"04ec5c9167787e90e5463b89e9eed5d2d57d8729"}
,"C:\\Users\\mariu\\OneDrive\\Desktop\\Node-Express-and-MongoDB---Construirea-API-urilor-RESTful\\video-renting\\routes\\auth.js": {"path":"C:\\Users\\mariu\\OneDrive\\Desktop\\Node-Express-and-MongoDB---Construirea-API-urilor-RESTful\\video-renting\\routes\\auth.js","statementMap":{"0":{"start":{"line":1,"column":12},"end":{"line":1,"column":26}},"1":{"start":{"line":2,"column":15},"end":{"line":2,"column":32}},"2":{"start":{"line":3,"column":10},"end":{"line":3,"column":27}},"3":{"start":{"line":4,"column":15},"end":{"line":4,"column":40}},"4":{"start":{"line":5,"column":17},"end":{"line":5,"column":36}},"5":{"start":{"line":6,"column":16},"end":{"line":6,"column":34}},"6":{"start":{"line":7,"column":15},"end":{"line":7,"column":31}},"7":{"start":{"line":9,"column":0},"end":{"line":21,"column":3}},"8":{"start":{"line":10,"column":20},"end":{"line":10,"column":38}},"9":{"start":{"line":11,"column":2},"end":{"line":11,"column":67}},"10":{"start":{"line":11,"column":13},"end":{"line":11,"column":67}},"11":{"start":{"line":13,"column":13},"end":{"line":13,"column":58}},"12":{"start":{"line":14,"column":2},"end":{"line":14,"column":71}},"13":{"start":{"line":14,"column":13},"end":{"line":14,"column":71}},"14":{"start":{"line":16,"column":24},"end":{"line":16,"column":78}},"15":{"start":{"line":17,"column":2},"end":{"line":17,"column":80}},"16":{"start":{"line":17,"column":22},"end":{"line":17,"column":80}},"17":{"start":{"line":19,"column":16},"end":{"line":19,"column":40}},"18":{"start":{"line":20,"column":2},"end":{"line":20,"column":18}},"19":{"start":{"line":24,"column":17},"end":{"line":27,"column":3}},"20":{"start":{"line":29,"column":2},"end":{"line":29,"column":35}},"21":{"start":{"line":32,"column":0},"end":{"line":32,"column":24}}},"fnMap":{"0":{"name":"(anonymous_0)","decl":{"start":{"line":9,"column":17},"end":{"line":9,"column":18}},"loc":{"start":{"line":9,"column":37},"end":{"line":21,"column":1}},"line":9},"1":{"name":"validate","decl":{"start":{"line":23,"column":9},"end":{"line":23,"column":17}},"loc":{"start":{"line":23,"column":23},"end":{"line":30,"column":1}},"line":23}},"branchMap":{"0":{"loc":{"start":{"line":11,"column":2},"end":{"line":11,"column":67}},"type":"if","locations":[{"start":{"line":11,"column":2},"end":{"line":11,"column":67}},{"start":{"line":11,"column":2},"end":{"line":11,"column":67}}],"line":11},"1":{"loc":{"start":{"line":14,"column":2},"end":{"line":14,"column":71}},"type":"if","locations":[{"start":{"line":14,"column":2},"end":{"line":14,"column":71}},{"start":{"line":14,"column":2},"end":{"line":14,"column":71}}],"line":14},"2":{"loc":{"start":{"line":17,"column":2},"end":{"line":17,"column":80}},"type":"if","locations":[{"start":{"line":17,"column":2},"end":{"line":17,"column":80}},{"start":{"line":17,"column":2},"end":{"line":17,"column":80}}],"line":17}},"s":{"0":3,"1":3,"2":3,"3":3,"4":3,"5":3,"6":3,"7":3,"8":0,"9":0,"10":0,"11":0,"12":0,"13":0,"14":0,"15":0,"16":0,"17":0,"18":0,"19":0,"20":0,"21":3},"f":{"0":0,"1":0},"b":{"0":[0,0],"1":[0,0],"2":[0,0]},"_coverageSchema":"332fd63041d2c1bcb487cc26dd0d5f7d97098a6c","hash":"7e5e6082806455b6a623f04d44a9ae7ed3c48e44"}
,"C:\\Users\\mariu\\OneDrive\\Desktop\\Node-Express-and-MongoDB---Construirea-API-urilor-RESTful\\video-renting\\routes\\customers.js": {"path":"C:\\Users\\mariu\\OneDrive\\Desktop\\Node-Express-and-MongoDB---Construirea-API-urilor-RESTful\\video-renting\\routes\\customers.js","statementMap":{"0":{"start":{"line":1,"column":29},"end":{"line":1,"column":58}},"1":{"start":{"line":2,"column":17},"end":{"line":2,"column":36}},"2":{"start":{"line":3,"column":16},"end":{"line":3,"column":34}},"3":{"start":{"line":4,"column":15},"end":{"line":4,"column":31}},"4":{"start":{"line":6,"column":0},"end":{"line":9,"column":3}},"5":{"start":{"line":7,"column":20},"end":{"line":7,"column":54}},"6":{"start":{"line":8,"column":2},"end":{"line":8,"column":22}},"7":{"start":{"line":11,"column":0},"end":{"line":23,"column":3}},"8":{"start":{"line":12,"column":20},"end":{"line":12,"column":38}},"9":{"start":{"line":13,"column":2},"end":{"line":13,"column":67}},"10":{"start":{"line":13,"column":13},"end":{"line":13,"column":67}},"11":{"start":{"line":15,"column":17},"end":{"line":19,"column":4}},"12":{"start":{"line":20,"column":2},"end":{"line":20,"column":35}},"13":{"start":{"line":22,"column":2},"end":{"line":22,"column":21}},"14":{"start":{"line":25,"column":0},"end":{"line":39,"column":3}},"15":{"start":{"line":26,"column":20},"end":{"line":26,"column":38}},"16":{"start":{"line":27,"column":2},"end":{"line":27,"column":67}},"17":{"start":{"line":27,"column":13},"end":{"line":27,"column":67}},"18":{"start":{"line":29,"column":19},"end":{"line":34,"column":21}},"19":{"start":{"line":36,"column":2},"end":{"line":36,"column":94}},"20":{"start":{"line":36,"column":17},"end":{"line":36,"column":94}},"21":{"start":{"line":38,"column":2},"end":{"line":38,"column":21}},"22":{"start":{"line":41,"column":0},"end":{"line":47,"column":3}},"23":{"start":{"line":42,"column":19},"end":{"line":42,"column":66}},"24":{"start":{"line":44,"column":2},"end":{"line":44,"column":94}},"25":{"start":{"line":44,"column":17},"end":{"line":44,"column":94}},"26":{"start":{"line":46,"column":2},"end":{"line":46,"column":21}},"27":{"start":{"line":49,"column":0},"end":{"line":55,"column":3}},"28":{"start":{"line":50,"column":19},"end":{"line":50,"column":57}},"29":{"start":{"line":52,"column":2},"end":{"line":52,"column":94}},"30":{"start":{"line":52,"column":17},"end":{"line":52,"column":94}},"31":{"start":{"line":54,"column":2},"end":{"line":54,"column":21}},"32":{"start":{"line":57,"column":0},"end":{"line":57,"column":24}}},"fnMap":{"0":{"name":"(anonymous_0)","decl":{"start":{"line":6,"column":16},"end":{"line":6,"column":17}},"loc":{"start":{"line":6,"column":36},"end":{"line":9,"column":1}},"line":6},"1":{"name":"(anonymous_1)","decl":{"start":{"line":11,"column":17},"end":{"line":11,"column":18}},"loc":{"start":{"line":11,"column":37},"end":{"line":23,"column":1}},"line":11},"2":{"name":"(anonymous_2)","decl":{"start":{"line":25,"column":19},"end":{"line":25,"column":20}},"loc":{"start":{"line":25,"column":39},"end":{"line":39,"column":1}},"line":25},"3":{"name":"(anonymous_3)","decl":{"start":{"line":41,"column":22},"end":{"line":41,"column":23}},"loc":{"start":{"line":41,"column":42},"end":{"line":47,"column":1}},"line":41},"4":{"name":"(anonymous_4)","decl":{"start":{"line":49,"column":19},"end":{"line":49,"column":20}},"loc":{"start":{"line":49,"column":39},"end":{"line":55,"column":1}},"line":49}},"branchMap":{"0":{"loc":{"start":{"line":13,"column":2},"end":{"line":13,"column":67}},"type":"if","locations":[{"start":{"line":13,"column":2},"end":{"line":13,"column":67}},{"start":{"line":13,"column":2},"end":{"line":13,"column":67}}],"line":13},"1":{"loc":{"start":{"line":27,"column":2},"end":{"line":27,"column":67}},"type":"if","locations":[{"start":{"line":27,"column":2},"end":{"line":27,"column":67}},{"start":{"line":27,"column":2},"end":{"line":27,"column":67}}],"line":27},"2":{"loc":{"start":{"line":36,"column":2},"end":{"line":36,"column":94}},"type":"if","locations":[{"start":{"line":36,"column":2},"end":{"line":36,"column":94}},{"start":{"line":36,"column":2},"end":{"line":36,"column":94}}],"line":36},"3":{"loc":{"start":{"line":44,"column":2},"end":{"line":44,"column":94}},"type":"if","locations":[{"start":{"line":44,"column":2},"end":{"line":44,"column":94}},{"start":{"line":44,"column":2},"end":{"line":44,"column":94}}],"line":44},"4":{"loc":{"start":{"line":52,"column":2},"end":{"line":52,"column":94}},"type":"if","locations":[{"start":{"line":52,"column":2},"end":{"line":52,"column":94}},{"start":{"line":52,"column":2},"end":{"line":52,"column":94}}],"line":52}},"s":{"0":3,"1":3,"2":3,"3":3,"4":3,"5":0,"6":0,"7":3,"8":0,"9":0,"10":0,"11":0,"12":0,"13":0,"14":3,"15":0,"16":0,"17":0,"18":0,"19":0,"20":0,"21":0,"22":3,"23":0,"24":0,"25":0,"26":0,"27":3,"28":0,"29":0,"30":0,"31":0,"32":3},"f":{"0":0,"1":0,"2":0,"3":0,"4":0},"b":{"0":[0,0],"1":[0,0],"2":[0,0],"3":[0,0],"4":[0,0]},"_coverageSchema":"332fd63041d2c1bcb487cc26dd0d5f7d97098a6c","hash":"df01cb27b6d709d7514d07fa577a564532602cac"}
,"C:\\Users\\mariu\\OneDrive\\Desktop\\Node-Express-and-MongoDB---Construirea-API-urilor-RESTful\\video-renting\\routes\\genres.js": {"path":"C:\\Users\\mariu\\OneDrive\\Desktop\\Node-Express-and-MongoDB---Construirea-API-urilor-RESTful\\video-renting\\routes\\genres.js","statementMap":{"0":{"start":{"line":1,"column":25},"end":{"line":1,"column":66}},"1":{"start":{"line":2,"column":13},"end":{"line":2,"column":42}},"2":{"start":{"line":3,"column":14},"end":{"line":3,"column":44}},"3":{"start":{"line":4,"column":28},"end":{"line":4,"column":54}},"4":{"start":{"line":5,"column":17},"end":{"line":5,"column":36}},"5":{"start":{"line":6,"column":16},"end":{"line":6,"column":34}},"6":{"start":{"line":7,"column":15},"end":{"line":7,"column":31}},"7":{"start":{"line":10,"column":0},"end":{"line":13,"column":3}},"8":{"start":{"line":11,"column":19},"end":{"line":11,"column":50}},"9":{"start":{"line":12,"column":4},"end":{"line":12,"column":21}},"10":{"start":{"line":17,"column":0},"end":{"line":25,"column":3}},"11":{"start":{"line":18,"column":22},"end":{"line":18,"column":40}},"12":{"start":{"line":19,"column":4},"end":{"line":19,"column":69}},"13":{"start":{"line":19,"column":15},"end":{"line":19,"column":69}},"14":{"start":{"line":21,"column":16},"end":{"line":21,"column":50}},"15":{"start":{"line":22,"column":4},"end":{"line":22,"column":31}},"16":{"start":{"line":24,"column":4},"end":{"line":24,"column":20}},"17":{"start":{"line":29,"column":0},"end":{"line":40,"column":3}},"18":{"start":{"line":30,"column":22},"end":{"line":30,"column":40}},"19":{"start":{"line":31,"column":4},"end":{"line":31,"column":69}},"20":{"start":{"line":31,"column":15},"end":{"line":31,"column":69}},"21":{"start":{"line":33,"column":18},"end":{"line":35,"column":6}},"22":{"start":{"line":37,"column":4},"end":{"line":37,"column":90}},"23":{"start":{"line":37,"column":16},"end":{"line":37,"column":90}},"24":{"start":{"line":39,"column":4},"end":{"line":39,"column":20}},"25":{"start":{"line":44,"column":0},"end":{"line":50,"column":3}},"26":{"start":{"line":45,"column":18},"end":{"line":45,"column":62}},"27":{"start":{"line":47,"column":4},"end":{"line":47,"column":90}},"28":{"start":{"line":47,"column":16},"end":{"line":47,"column":90}},"29":{"start":{"line":49,"column":4},"end":{"line":49,"column":20}},"30":{"start":{"line":54,"column":0},"end":{"line":61,"column":3}},"31":{"start":{"line":56,"column":18},"end":{"line":56,"column":53}},"32":{"start":{"line":58,"column":4},"end":{"line":58,"column":90}},"33":{"start":{"line":58,"column":16},"end":{"line":58,"column":90}},"34":{"start":{"line":60,"column":4},"end":{"line":60,"column":20}},"35":{"start":{"line":63,"column":0},"end":{"line":63,"column":24}}},"fnMap":{"0":{"name":"(anonymous_0)","decl":{"start":{"line":10,"column":16},"end":{"line":10,"column":17}},"loc":{"start":{"line":10,"column":35},"end":{"line":13,"column":1}},"line":10},"1":{"name":"(anonymous_1)","decl":{"start":{"line":17,"column":23},"end":{"line":17,"column":24}},"loc":{"start":{"line":17,"column":42},"end":{"line":25,"column":1}},"line":17},"2":{"name":"(anonymous_2)","decl":{"start":{"line":29,"column":19},"end":{"line":29,"column":20}},"loc":{"start":{"line":29,"column":38},"end":{"line":40,"column":1}},"line":29},"3":{"name":"(anonymous_3)","decl":{"start":{"line":44,"column":37},"end":{"line":44,"column":38}},"loc":{"start":{"line":44,"column":56},"end":{"line":50,"column":1}},"line":44},"4":{"name":"(anonymous_4)","decl":{"start":{"line":54,"column":37},"end":{"line":54,"column":38}},"loc":{"start":{"line":54,"column":56},"end":{"line":61,"column":1}},"line":54}},"branchMap":{"0":{"loc":{"start":{"line":19,"column":4},"end":{"line":19,"column":69}},"type":"if","locations":[{"start":{"line":19,"column":4},"end":{"line":19,"column":69}},{"start":{"line":19,"column":4},"end":{"line":19,"column":69}}],"line":19},"1":{"loc":{"start":{"line":31,"column":4},"end":{"line":31,"column":69}},"type":"if","locations":[{"start":{"line":31,"column":4},"end":{"line":31,"column":69}},{"start":{"line":31,"column":4},"end":{"line":31,"column":69}}],"line":31},"2":{"loc":{"start":{"line":37,"column":4},"end":{"line":37,"column":90}},"type":"if","locations":[{"start":{"line":37,"column":4},"end":{"line":37,"column":90}},{"start":{"line":37,"column":4},"end":{"line":37,"column":90}}],"line":37},"3":{"loc":{"start":{"line":47,"column":4},"end":{"line":47,"column":90}},"type":"if","locations":[{"start":{"line":47,"column":4},"end":{"line":47,"column":90}},{"start":{"line":47,"column":4},"end":{"line":47,"column":90}}],"line":47},"4":{"loc":{"start":{"line":58,"column":4},"end":{"line":58,"column":90}},"type":"if","locations":[{"start":{"line":58,"column":4},"end":{"line":58,"column":90}},{"start":{"line":58,"column":4},"end":{"line":58,"column":90}}],"line":58}},"s":{"0":3,"1":3,"2":3,"3":3,"4":3,"5":3,"6":3,"7":3,"8":0,"9":0,"10":3,"11":5,"12":5,"13":2,"14":3,"15":3,"16":3,"17":3,"18":7,"19":7,"20":2,"21":5,"22":4,"23":1,"24":3,"25":3,"26":4,"27":3,"28":1,"29":2,"30":3,"31":2,"32":2,"33":2,"34":0,"35":3},"f":{"0":0,"1":5,"2":7,"3":4,"4":2},"b":{"0":[2,3],"1":[2,5],"2":[1,3],"3":[1,2],"4":[2,0]},"_coverageSchema":"332fd63041d2c1bcb487cc26dd0d5f7d97098a6c","hash":"ba60b0656bbf2cccb87e43ed85ff72a8a8fe3c65"}
,"C:\\Users\\mariu\\OneDrive\\Desktop\\Node-Express-and-MongoDB---Construirea-API-urilor-RESTful\\video-renting\\routes\\movies.js": {"path":"C:\\Users\\mariu\\OneDrive\\Desktop\\Node-Express-and-MongoDB---Construirea-API-urilor-RESTful\\video-renting\\routes\\movies.js","statementMap":{"0":{"start":{"line":1,"column":26},"end":{"line":1,"column":52}},"1":{"start":{"line":2,"column":16},"end":{"line":2,"column":42}},"2":{"start":{"line":3,"column":17},"end":{"line":3,"column":36}},"3":{"start":{"line":4,"column":16},"end":{"line":4,"column":34}},"4":{"start":{"line":5,"column":15},"end":{"line":5,"column":31}},"5":{"start":{"line":7,"column":0},"end":{"line":10,"column":3}},"6":{"start":{"line":8,"column":17},"end":{"line":8,"column":48}},"7":{"start":{"line":9,"column":2},"end":{"line":9,"column":19}},"8":{"start":{"line":12,"column":0},"end":{"line":31,"column":3}},"9":{"start":{"line":13,"column":20},"end":{"line":13,"column":38}},"10":{"start":{"line":14,"column":2},"end":{"line":14,"column":67}},"11":{"start":{"line":14,"column":13},"end":{"line":14,"column":67}},"12":{"start":{"line":16,"column":16},"end":{"line":16,"column":54}},"13":{"start":{"line":17,"column":2},"end":{"line":17,"column":60}},"14":{"start":{"line":17,"column":14},"end":{"line":17,"column":60}},"15":{"start":{"line":19,"column":16},"end":{"line":27,"column":4}},"16":{"start":{"line":28,"column":2},"end":{"line":28,"column":21}},"17":{"start":{"line":30,"column":2},"end":{"line":30,"column":18}},"18":{"start":{"line":33,"column":0},"end":{"line":54,"column":3}},"19":{"start":{"line":34,"column":20},"end":{"line":34,"column":38}},"20":{"start":{"line":35,"column":2},"end":{"line":35,"column":67}},"21":{"start":{"line":35,"column":13},"end":{"line":35,"column":67}},"22":{"start":{"line":37,"column":16},"end":{"line":37,"column":54}},"23":{"start":{"line":38,"column":2},"end":{"line":38,"column":60}},"24":{"start":{"line":38,"column":14},"end":{"line":38,"column":60}},"25":{"start":{"line":40,"column":16},"end":{"line":49,"column":21}},"26":{"start":{"line":51,"column":2},"end":{"line":51,"column":88}},"27":{"start":{"line":51,"column":14},"end":{"line":51,"column":88}},"28":{"start":{"line":53,"column":2},"end":{"line":53,"column":18}},"29":{"start":{"line":56,"column":0},"end":{"line":62,"column":3}},"30":{"start":{"line":57,"column":16},"end":{"line":57,"column":60}},"31":{"start":{"line":59,"column":2},"end":{"line":59,"column":88}},"32":{"start":{"line":59,"column":14},"end":{"line":59,"column":88}},"33":{"start":{"line":61,"column":2},"end":{"line":61,"column":18}},"34":{"start":{"line":64,"column":0},"end":{"line":70,"column":3}},"35":{"start":{"line":65,"column":16},"end":{"line":65,"column":51}},"36":{"start":{"line":67,"column":2},"end":{"line":67,"column":88}},"37":{"start":{"line":67,"column":14},"end":{"line":67,"column":88}},"38":{"start":{"line":69,"column":2},"end":{"line":69,"column":18}},"39":{"start":{"line":72,"column":0},"end":{"line":72,"column":24}}},"fnMap":{"0":{"name":"(anonymous_0)","decl":{"start":{"line":7,"column":16},"end":{"line":7,"column":17}},"loc":{"start":{"line":7,"column":36},"end":{"line":10,"column":1}},"line":7},"1":{"name":"(anonymous_1)","decl":{"start":{"line":12,"column":17},"end":{"line":12,"column":18}},"loc":{"start":{"line":12,"column":37},"end":{"line":31,"column":1}},"line":12},"2":{"name":"(anonymous_2)","decl":{"start":{"line":33,"column":19},"end":{"line":33,"column":20}},"loc":{"start":{"line":33,"column":39},"end":{"line":54,"column":1}},"line":33},"3":{"name":"(anonymous_3)","decl":{"start":{"line":56,"column":22},"end":{"line":56,"column":23}},"loc":{"start":{"line":56,"column":42},"end":{"line":62,"column":1}},"line":56},"4":{"name":"(anonymous_4)","decl":{"start":{"line":64,"column":19},"end":{"line":64,"column":20}},"loc":{"start":{"line":64,"column":39},"end":{"line":70,"column":1}},"line":64}},"branchMap":{"0":{"loc":{"start":{"line":14,"column":2},"end":{"line":14,"column":67}},"type":"if","locations":[{"start":{"line":14,"column":2},"end":{"line":14,"column":67}},{"start":{"line":14,"column":2},"end":{"line":14,"column":67}}],"line":14},"1":{"loc":{"start":{"line":17,"column":2},"end":{"line":17,"column":60}},"type":"if","locations":[{"start":{"line":17,"column":2},"end":{"line":17,"column":60}},{"start":{"line":17,"column":2},"end":{"line":17,"column":60}}],"line":17},"2":{"loc":{"start":{"line":35,"column":2},"end":{"line":35,"column":67}},"type":"if","locations":[{"start":{"line":35,"column":2},"end":{"line":35,"column":67}},{"start":{"line":35,"column":2},"end":{"line":35,"column":67}}],"line":35},"3":{"loc":{"start":{"line":38,"column":2},"end":{"line":38,"column":60}},"type":"if","locations":[{"start":{"line":38,"column":2},"end":{"line":38,"column":60}},{"start":{"line":38,"column":2},"end":{"line":38,"column":60}}],"line":38},"4":{"loc":{"start":{"line":51,"column":2},"end":{"line":51,"column":88}},"type":"if","locations":[{"start":{"line":51,"column":2},"end":{"line":51,"column":88}},{"start":{"line":51,"column":2},"end":{"line":51,"column":88}}],"line":51},"5":{"loc":{"start":{"line":59,"column":2},"end":{"line":59,"column":88}},"type":"if","locations":[{"start":{"line":59,"column":2},"end":{"line":59,"column":88}},{"start":{"line":59,"column":2},"end":{"line":59,"column":88}}],"line":59},"6":{"loc":{"start":{"line":67,"column":2},"end":{"line":67,"column":88}},"type":"if","locations":[{"start":{"line":67,"column":2},"end":{"line":67,"column":88}},{"start":{"line":67,"column":2},"end":{"line":67,"column":88}}],"line":67}},"s":{"0":3,"1":3,"2":3,"3":3,"4":3,"5":3,"6":0,"7":0,"8":3,"9":0,"10":0,"11":0,"12":0,"13":0,"14":0,"15":0,"16":0,"17":0,"18":3,"19":0,"20":0,"21":0,"22":0,"23":0,"24":0,"25":0,"26":0,"27":0,"28":0,"29":3,"30":0,"31":0,"32":0,"33":0,"34":3,"35":0,"36":0,"37":0,"38":0,"39":3},"f":{"0":0,"1":0,"2":0,"3":0,"4":0},"b":{"0":[0,0],"1":[0,0],"2":[0,0],"3":[0,0],"4":[0,0],"5":[0,0],"6":[0,0]},"_coverageSchema":"332fd63041d2c1bcb487cc26dd0d5f7d97098a6c","hash":"4eeb275c91fda62241c3886d9220d53e77d212d0"}
,"C:\\Users\\mariu\\OneDrive\\Desktop\\Node-Express-and-MongoDB---Construirea-API-urilor-RESTful\\video-renting\\routes\\rentals.js": {"path":"C:\\Users\\mariu\\OneDrive\\Desktop\\Node-Express-and-MongoDB---Construirea-API-urilor-RESTful\\video-renting\\routes\\rentals.js","statementMap":{"0":{"start":{"line":1,"column":27},"end":{"line":1,"column":54}},"1":{"start":{"line":2,"column":16},"end":{"line":2,"column":42}},"2":{"start":{"line":3,"column":19},"end":{"line":3,"column":48}},"3":{"start":{"line":4,"column":17},"end":{"line":4,"column":36}},"4":{"start":{"line":5,"column":13},"end":{"line":5,"column":28}},"5":{"start":{"line":6,"column":16},"end":{"line":6,"column":34}},"6":{"start":{"line":7,"column":15},"end":{"line":7,"column":31}},"7":{"start":{"line":9,"column":0},"end":{"line":9,"column":20}},"8":{"start":{"line":11,"column":0},"end":{"line":14,"column":3}},"9":{"start":{"line":12,"column":18},"end":{"line":12,"column":54}},"10":{"start":{"line":13,"column":2},"end":{"line":13,"column":20}},"11":{"start":{"line":16,"column":0},"end":{"line":54,"column":3}},"12":{"start":{"line":17,"column":20},"end":{"line":17,"column":38}},"13":{"start":{"line":18,"column":2},"end":{"line":18,"column":67}},"14":{"start":{"line":18,"column":13},"end":{"line":18,"column":67}},"15":{"start":{"line":20,"column":19},"end":{"line":20,"column":63}},"16":{"start":{"line":21,"column":2},"end":{"line":21,"column":66}},"17":{"start":{"line":21,"column":17},"end":{"line":21,"column":66}},"18":{"start":{"line":23,"column":16},"end":{"line":23,"column":54}},"19":{"start":{"line":24,"column":2},"end":{"line":24,"column":60}},"20":{"start":{"line":24,"column":14},"end":{"line":24,"column":60}},"21":{"start":{"line":26,"column":2},"end":{"line":26,"column":84}},"22":{"start":{"line":26,"column":33},"end":{"line":26,"column":84}},"23":{"start":{"line":28,"column":15},"end":{"line":39,"column":4}},"24":{"start":{"line":41,"column":2},"end":{"line":53,"column":3}},"25":{"start":{"line":42,"column":4},"end":{"line":47,"column":13}},"26":{"start":{"line":49,"column":4},"end":{"line":49,"column":21}},"27":{"start":{"line":52,"column":4},"end":{"line":52,"column":46}},"28":{"start":{"line":56,"column":0},"end":{"line":62,"column":3}},"29":{"start":{"line":57,"column":17},"end":{"line":57,"column":53}},"30":{"start":{"line":59,"column":2},"end":{"line":59,"column":90}},"31":{"start":{"line":59,"column":15},"end":{"line":59,"column":90}},"32":{"start":{"line":61,"column":2},"end":{"line":61,"column":19}},"33":{"start":{"line":64,"column":0},"end":{"line":64,"column":24}}},"fnMap":{"0":{"name":"(anonymous_0)","decl":{"start":{"line":11,"column":16},"end":{"line":11,"column":17}},"loc":{"start":{"line":11,"column":36},"end":{"line":14,"column":1}},"line":11},"1":{"name":"(anonymous_1)","decl":{"start":{"line":16,"column":17},"end":{"line":16,"column":18}},"loc":{"start":{"line":16,"column":37},"end":{"line":54,"column":1}},"line":16},"2":{"name":"(anonymous_2)","decl":{"start":{"line":56,"column":19},"end":{"line":56,"column":20}},"loc":{"start":{"line":56,"column":39},"end":{"line":62,"column":1}},"line":56}},"branchMap":{"0":{"loc":{"start":{"line":18,"column":2},"end":{"line":18,"column":67}},"type":"if","locations":[{"start":{"line":18,"column":2},"end":{"line":18,"column":67}},{"start":{"line":18,"column":2},"end":{"line":18,"column":67}}],"line":18},"1":{"loc":{"start":{"line":21,"column":2},"end":{"line":21,"column":66}},"type":"if","locations":[{"start":{"line":21,"column":2},"end":{"line":21,"column":66}},{"start":{"line":21,"column":2},"end":{"line":21,"column":66}}],"line":21},"2":{"loc":{"start":{"line":24,"column":2},"end":{"line":24,"column":60}},"type":"if","locations":[{"start":{"line":24,"column":2},"end":{"line":24,"column":60}},{"start":{"line":24,"column":2},"end":{"line":24,"column":60}}],"line":24},"3":{"loc":{"start":{"line":26,"column":2},"end":{"line":26,"column":84}},"type":"if","locations":[{"start":{"line":26,"column":2},"end":{"line":26,"column":84}},{"start":{"line":26,"column":2},"end":{"line":26,"column":84}}],"line":26},"4":{"loc":{"start":{"line":59,"column":2},"end":{"line":59,"column":90}},"type":"if","locations":[{"start":{"line":59,"column":2},"end":{"line":59,"column":90}},{"start":{"line":59,"column":2},"end":{"line":59,"column":90}}],"line":59}},"s":{"0":3,"1":3,"2":3,"3":3,"4":3,"5":3,"6":3,"7":3,"8":3,"9":0,"10":0,"11":3,"12":0,"13":0,"14":0,"15":0,"16":0,"17":0,"18":0,"19":0,"20":0,"21":0,"22":0,"23":0,"24":0,"25":0,"26":0,"27":0,"28":3,"29":0,"30":0,"31":0,"32":0,"33":3},"f":{"0":0,"1":0,"2":0},"b":{"0":[0,0],"1":[0,0],"2":[0,0],"3":[0,0],"4":[0,0]},"_coverageSchema":"332fd63041d2c1bcb487cc26dd0d5f7d97098a6c","hash":"f3b6ce32087a69a91f3e8f2db495c3851e6407af"}
,"C:\\Users\\mariu\\OneDrive\\Desktop\\Node-Express-and-MongoDB---Construirea-API-urilor-RESTful\\video-renting\\routes\\users.js": {"path":"C:\\Users\\mariu\\OneDrive\\Desktop\\Node-Express-and-MongoDB---Construirea-API-urilor-RESTful\\video-renting\\routes\\users.js","statementMap":{"0":{"start":{"line":1,"column":13},"end":{"line":1,"column":42}},"1":{"start":{"line":2,"column":12},"end":{"line":2,"column":35}},"2":{"start":{"line":3,"column":15},"end":{"line":3,"column":32}},"3":{"start":{"line":4,"column":15},"end":{"line":4,"column":32}},"4":{"start":{"line":5,"column":10},"end":{"line":5,"column":27}},"5":{"start":{"line":6,"column":25},"end":{"line":6,"column":50}},"6":{"start":{"line":7,"column":17},"end":{"line":7,"column":36}},"7":{"start":{"line":8,"column":16},"end":{"line":8,"column":34}},"8":{"start":{"line":9,"column":15},"end":{"line":9,"column":31}},"9":{"start":{"line":11,"column":0},"end":{"line":14,"column":3}},"10":{"start":{"line":12,"column":15},"end":{"line":12,"column":68}},"11":{"start":{"line":13,"column":2},"end":{"line":13,"column":17}},"12":{"start":{"line":16,"column":0},"end":{"line":30,"column":3}},"13":{"start":{"line":17,"column":20},"end":{"line":17,"column":38}},"14":{"start":{"line":18,"column":2},"end":{"line":18,"column":67}},"15":{"start":{"line":18,"column":13},"end":{"line":18,"column":67}},"16":{"start":{"line":20,"column":13},"end":{"line":20,"column":58}},"17":{"start":{"line":21,"column":2},"end":{"line":21,"column":68}},"18":{"start":{"line":21,"column":12},"end":{"line":21,"column":68}},"19":{"start":{"line":23,"column":2},"end":{"line":23,"column":67}},"20":{"start":{"line":24,"column":15},"end":{"line":24,"column":39}},"21":{"start":{"line":25,"column":2},"end":{"line":25,"column":57}},"22":{"start":{"line":26,"column":2},"end":{"line":26,"column":20}},"23":{"start":{"line":28,"column":16},"end":{"line":28,"column":40}},"24":{"start":{"line":29,"column":2},"end":{"line":29,"column":81}},"25":{"start":{"line":32,"column":0},"end":{"line":32,"column":24}}},"fnMap":{"0":{"name":"(anonymous_0)","decl":{"start":{"line":11,"column":24},"end":{"line":11,"column":25}},"loc":{"start":{"line":11,"column":44},"end":{"line":14,"column":1}},"line":11},"1":{"name":"(anonymous_1)","decl":{"start":{"line":16,"column":17},"end":{"line":16,"column":18}},"loc":{"start":{"line":16,"column":37},"end":{"line":30,"column":1}},"line":16}},"branchMap":{"0":{"loc":{"start":{"line":18,"column":2},"end":{"line":18,"column":67}},"type":"if","locations":[{"start":{"line":18,"column":2},"end":{"line":18,"column":67}},{"start":{"line":18,"column":2},"end":{"line":18,"column":67}}],"line":18},"1":{"loc":{"start":{"line":21,"column":2},"end":{"line":21,"column":68}},"type":"if","locations":[{"start":{"line":21,"column":2},"end":{"line":21,"column":68}},{"start":{"line":21,"column":2},"end":{"line":21,"column":68}}],"line":21}},"s":{"0":3,"1":3,"2":3,"3":3,"4":3,"5":3,"6":3,"7":3,"8":3,"9":3,"10":0,"11":0,"12":3,"13":0,"14":0,"15":0,"16":0,"17":0,"18":0,"19":0,"20":0,"21":0,"22":0,"23":0,"24":0,"25":3},"f":{"0":0,"1":0},"b":{"0":[0,0],"1":[0,0]},"_coverageSchema":"332fd63041d2c1bcb487cc26dd0d5f7d97098a6c","hash":"a4962581610602637fc53f571b9a9fb969cb7072"}
,"C:\\Users\\mariu\\OneDrive\\Desktop\\Node-Express-and-MongoDB---Construirea-API-urilor-RESTful\\video-renting\\startup\\config.js": {"path":"C:\\Users\\mariu\\OneDrive\\Desktop\\Node-Express-and-MongoDB---Construirea-API-urilor-RESTful\\video-renting\\startup\\config.js","statementMap":{"0":{"start":{"line":1,"column":15},"end":{"line":1,"column":32}},"1":{"start":{"line":3,"column":0},"end":{"line":7,"column":1}},"2":{"start":{"line":4,"column":2},"end":{"line":6,"column":3}},"3":{"start":{"line":5,"column":4},"end":{"line":5,"column":66}}},"fnMap":{"0":{"name":"(anonymous_0)","decl":{"start":{"line":3,"column":17},"end":{"line":3,"column":18}},"loc":{"start":{"line":3,"column":28},"end":{"line":7,"column":1}},"line":3}},"branchMap":{"0":{"loc":{"start":{"line":4,"column":2},"end":{"line":6,"column":3}},"type":"if","locations":[{"start":{"line":4,"column":2},"end":{"line":6,"column":3}},{"start":{"line":4,"column":2},"end":{"line":6,"column":3}}],"line":4}},"s":{"0":3,"1":3,"2":3,"3":0},"f":{"0":3},"b":{"0":[0,3]},"_coverageSchema":"332fd63041d2c1bcb487cc26dd0d5f7d97098a6c","hash":"f8c81b90f12ac271d503a870ce4c58c0614fdd6d"}
,"C:\\Users\\mariu\\OneDrive\\Desktop\\Node-Express-and-MongoDB---Construirea-API-urilor-RESTful\\video-renting\\startup\\db.js": {"path":"C:\\Users\\mariu\\OneDrive\\Desktop\\Node-Express-and-MongoDB---Construirea-API-urilor-RESTful\\video-renting\\startup\\db.js","statementMap":{"0":{"start":{"line":1,"column":16},"end":{"line":1,"column":34}},"1":{"start":{"line":2,"column":17},"end":{"line":2,"column":36}},"2":{"start":{"line":3,"column":15},"end":{"line":3,"column":32}},"3":{"start":{"line":5,"column":0},"end":{"line":9,"column":1}},"4":{"start":{"line":6,"column":15},"end":{"line":6,"column":31}},"5":{"start":{"line":7,"column":4},"end":{"line":8,"column":59}},"6":{"start":{"line":8,"column":20},"end":{"line":8,"column":57}}},"fnMap":{"0":{"name":"(anonymous_0)","decl":{"start":{"line":5,"column":17},"end":{"line":5,"column":18}},"loc":{"start":{"line":5,"column":28},"end":{"line":9,"column":1}},"line":5},"1":{"name":"(anonymous_1)","decl":{"start":{"line":8,"column":14},"end":{"line":8,"column":15}},"loc":{"start":{"line":8,"column":20},"end":{"line":8,"column":57}},"line":8}},"branchMap":{},"s":{"0":3,"1":3,"2":3,"3":3,"4":3,"5":3,"6":2},"f":{"0":3,"1":2},"b":{},"_coverageSchema":"332fd63041d2c1bcb487cc26dd0d5f7d97098a6c","hash":"404c37c1019926dca6c898132e152754de77975b"}
,"C:\\Users\\mariu\\OneDrive\\Desktop\\Node-Express-and-MongoDB---Construirea-API-urilor-RESTful\\video-renting\\startup\\logging.js": {"path":"C:\\Users\\mariu\\OneDrive\\Desktop\\Node-Express-and-MongoDB---Construirea-API-urilor-RESTful\\video-renting\\startup\\logging.js","statementMap":{"0":{"start":{"line":1,"column":16},"end":{"line":1,"column":34}},"1":{"start":{"line":3,"column":0},"end":{"line":3,"column":32}},"2":{"start":{"line":5,"column":0},"end":{"line":19,"column":1}},"3":{"start":{"line":6,"column":4},"end":{"line":8,"column":77}},"4":{"start":{"line":10,"column":4},"end":{"line":12,"column":7}},"5":{"start":{"line":11,"column":8},"end":{"line":11,"column":17}},"6":{"start":{"line":14,"column":4},"end":{"line":14,"column":70}}},"fnMap":{"0":{"name":"(anonymous_0)","decl":{"start":{"line":5,"column":17},"end":{"line":5,"column":18}},"loc":{"start":{"line":5,"column":28},"end":{"line":19,"column":1}},"line":5},"1":{"name":"(anonymous_1)","decl":{"start":{"line":10,"column":37},"end":{"line":10,"column":38}},"loc":{"start":{"line":10,"column":45},"end":{"line":12,"column":5}},"line":10}},"branchMap":{},"s":{"0":3,"1":3,"2":3,"3":3,"4":3,"5":0,"6":3},"f":{"0":3,"1":0},"b":{},"_coverageSchema":"332fd63041d2c1bcb487cc26dd0d5f7d97098a6c","hash":"5db7292e98e79091cd1a9d8e418da6d4a71afb08"}
,"C:\\Users\\mariu\\OneDrive\\Desktop\\Node-Express-and-MongoDB---Construirea-API-urilor-RESTful\\video-renting\\startup\\routes.js": {"path":"C:\\Users\\mariu\\OneDrive\\Desktop\\Node-Express-and-MongoDB---Construirea-API-urilor-RESTful\\video-renting\\startup\\routes.js","statementMap":{"0":{"start":{"line":1,"column":16},"end":{"line":1,"column":34}},"1":{"start":{"line":2,"column":15},"end":{"line":2,"column":42}},"2":{"start":{"line":3,"column":18},"end":{"line":3,"column":48}},"3":{"start":{"line":4,"column":15},"end":{"line":4,"column":42}},"4":{"start":{"line":5,"column":16},"end":{"line":5,"column":44}},"5":{"start":{"line":6,"column":14},"end":{"line":6,"column":40}},"6":{"start":{"line":7,"column":13},"end":{"line":7,"column":38}},"7":{"start":{"line":8,"column":14},"end":{"line":8,"column":44}},"8":{"start":{"line":10,"column":0},"end":{"line":19,"column":1}},"9":{"start":{"line":11,"column":2},"end":{"line":11,"column":26}},"10":{"start":{"line":12,"column":2},"end":{"line":12,"column":33}},"11":{"start":{"line":13,"column":2},"end":{"line":13,"column":39}},"12":{"start":{"line":14,"column":2},"end":{"line":14,"column":33}},"13":{"start":{"line":15,"column":2},"end":{"line":15,"column":35}},"14":{"start":{"line":16,"column":2},"end":{"line":16,"column":31}},"15":{"start":{"line":17,"column":2},"end":{"line":17,"column":29}},"16":{"start":{"line":18,"column":2},"end":{"line":18,"column":17}}},"fnMap":{"0":{"name":"(anonymous_0)","decl":{"start":{"line":10,"column":17},"end":{"line":10,"column":18}},"loc":{"start":{"line":10,"column":31},"end":{"line":19,"column":1}},"line":10}},"branchMap":{},"s":{"0":3,"1":3,"2":3,"3":3,"4":3,"5":3,"6":3,"7":3,"8":3,"9":3,"10":3,"11":3,"12":3,"13":3,"14":3,"15":3,"16":3},"f":{"0":3},"b":{},"_coverageSchema":"332fd63041d2c1bcb487cc26dd0d5f7d97098a6c","hash":"971aaf7ef952e14383a37e6a26b6c42473202135"}
,"C:\\Users\\mariu\\OneDrive\\Desktop\\Node-Express-and-MongoDB---Construirea-API-urilor-RESTful\\video-renting\\startup\\validation.js": {"path":"C:\\Users\\mariu\\OneDrive\\Desktop\\Node-Express-and-MongoDB---Construirea-API-urilor-RESTful\\video-renting\\startup\\validation.js","statementMap":{"0":{"start":{"line":1,"column":12},"end":{"line":1,"column":26}},"1":{"start":{"line":3,"column":0},"end":{"line":5,"column":1}},"2":{"start":{"line":4,"column":2},"end":{"line":4,"column":46}}},"fnMap":{"0":{"name":"(anonymous_0)","decl":{"start":{"line":3,"column":17},"end":{"line":3,"column":18}},"loc":{"start":{"line":3,"column":28},"end":{"line":5,"column":1}},"line":3}},"branchMap":{},"s":{"0":3,"1":3,"2":3},"f":{"0":3},"b":{},"_coverageSchema":"332fd63041d2c1bcb487cc26dd0d5f7d97098a6c","hash":"ff97a9e0a43c6072534d1da76e22428bd572513b"}
}
